app/build/intermediates/manifest_merge_blame_file/release/manifest-merger-blame-release-report.txt
1<?xml version="1.0" encoding="utf-8"?>
2<manifest xmlns:android="http://schemas.android.com/apk/res/android"
3    package="com.example.mpd_kylemacdonald_s1738596"
4    android:versionCode="1"
5    android:versionName="1.0" >
6
7    <uses-sdk
8        android:minSdkVersion="16"
8-->src\main\AndroidManifest.xml
9        android:targetSdkVersion="29" />
9-->src\main\AndroidManifest.xml
10
11    <uses-permission android:name="android.permission.INTERNET" />
11-->src\main\AndroidManifest.xml:5:5-6:54
11-->src\main\AndroidManifest.xml:6:9-51
12
13    <application
13-->src\main\AndroidManifest.xml:8:5-24:19
14        android:allowBackup="true"
14-->src\main\AndroidManifest.xml:9:9-35
15        android:appComponentFactory="androidx.core.app.CoreComponentFactory"
15-->[androidx.core:core:1.1.0] AndroidManifest.xml:24:18-86
16        android:icon="@mipmap/ic_launcher"
16-->src\main\AndroidManifest.xml:10:9-43
17        android:label="@string/app_name"
17-->src\main\AndroidManifest.xml:11:9-41
18        android:roundIcon="@mipmap/ic_launcher_round"
18-->src\main\AndroidManifest.xml:12:9-54
19        android:supportsRtl="true"
19-->src\main\AndroidManifest.xml:13:9-35
20        android:testOnly="true"
21        android:theme="@style/AppTheme" >
21-->src\main\AndroidManifest.xml:14:9-40
22        <activity
22-->src\main\AndroidManifest.xml:15:9-23:20
23            android:name="com.example.mpd_kylemacdonald_s1738596.MainActivity"
23-->src\main\AndroidManifest.xml:16:13-41
24            android:label="@string/app_name" >
24-->src\main\AndroidManifest.xml:17:13-45
25            <intent-filter>
25-->src\main\AndroidManifest.xml:18:13-22:29
26                <action android:name="android.intent.action.MAIN" />
26-->src\main\AndroidManifest.xml:19:17-69
26-->src\main\AndroidManifest.xml:19:25-66
27
28                <category android:name="android.intent.category.LAUNCHER" />
28-->src\main\AndroidManifest.xml:21:17-77
28-->src\main\AndroidManifest.xml:21:27-74
29            </intent-filter>
30        </activity>
31
32        <provider
32-->[androidx.lifecycle:lifecycle-process:2.2.0] AndroidManifest.xml:25:9-29:43
33            android:name="androidx.lifecycle.ProcessLifecycleOwnerInitializer"
33-->[androidx.lifecycle:lifecycle-process:2.2.0] AndroidManifest.xml:26:13-79
34            android:authorities="com.example.mpd_kylemacdonald_s1738596.lifecycle-process"
34-->[androidx.lifecycle:lifecycle-process:2.2.0] AndroidManifest.xml:27:13-69
35            android:exported="false"
35-->[androidx.lifecycle:lifecycle-process:2.2.0] AndroidManifest.xml:28:13-37
36            android:multiprocess="true" />
36-->[androidx.lifecycle:lifecycle-process:2.2.0] AndroidManifest.xml:29:13-40
37    </application>
38
39</manifest>